<?xml version="1.0" encoding="UTF-8"?>
<testng-results skipped="0" failed="1" ignored="0" total="1" passed="0">
  <reporter-output>
  </reporter-output>
  <suite name="Suite" duration-ms="54252" started-at="2021-07-23T15:11:42Z" finished-at="2021-07-23T15:12:37Z">
    <groups>
      <group name="cucumber">
        <method signature="AbstractTestNGCucumberTests.runScenario(io.cucumber.testng.PickleEventWrapper, io.cucumber.testng.CucumberFeatureWrapper)[pri:0, instance:runner.TestRunner@ac3a89]" name="runScenario" class="io.cucumber.testng.AbstractTestNGCucumberTests"/>
      </group> <!-- cucumber -->
    </groups>
    <test name="Test" duration-ms="54252" started-at="2021-07-23T15:11:42Z" finished-at="2021-07-23T15:12:37Z">
      <class name="runner.TestRunner">
        <test-method status="PASS" signature="setUpClass()[pri:0, instance:runner.TestRunner@ac3a89]" name="setUpClass" is-config="true" duration-ms="1504" started-at="2021-07-23T15:11:43Z" finished-at="2021-07-23T15:11:44Z">
          <reporter-output>
          </reporter-output>
        </test-method> <!-- setUpClass -->
        <test-method status="FAIL" signature="runScenario(io.cucumber.testng.PickleEventWrapper, io.cucumber.testng.CucumberFeatureWrapper)[pri:0, instance:runner.TestRunner@ac3a89]" name="runScenario" duration-ms="42889" started-at="2021-07-23T15:11:45Z" description="Runs Cucumber Scenarios" data-provider="scenarios" finished-at="2021-07-23T15:12:28Z">
          <params>
            <param index="0">
              <value>
                <![CDATA["To validate the signup page"]]>
              </value>
            </param>
            <param index="1">
              <value>
                <![CDATA["To validate the login functionality of Facebook application"]]>
              </value>
            </param>
          </params>
          <exception class="org.openqa.selenium.NoSuchElementException">
            <message>
              <![CDATA[no such element: Unable to locate element: {"method":"xpath","selector":"//a[@data-testid='open-registration-form-button']"}
  (Session info: chrome=45.0.2454.85)
  (Driver info: chromedriver=2.20.353145 (343b531d31eeb933ec778dbcf7081628a1396067),platform=Windows NT 5.2 SP2 x86) (WARNING: The server did not provide any stacktrace information)
Command duration or timeout: 0 milliseconds
For documentation on this error, please visit: https://www.seleniumhq.org/exceptions/no_such_element.html
Build info: version: '3.141.59', revision: 'e82be7d358', time: '2018-11-14T08:17:03'
System info: host: 'YOURPC', ip: '192.168.43.59', os.name: 'Windows 8.1', os.arch: 'x86', os.version: '6.3', java.version: '1.8.0_281'
Driver info: org.openqa.selenium.remote.RemoteWebDriver
Capabilities {acceptSslCerts: true, applicationCacheEnabled: false, browserConnectionEnabled: false, browserName: chrome, chrome: {userDataDir: C:\Windows\proxy\scoped_dir...}, cssSelectorsEnabled: true, databaseEnabled: false, handlesAlerts: true, hasTouchScreen: false, javascriptEnabled: true, locationContextEnabled: true, mobileEmulationEnabled: false, nativeEvents: true, platform: XP, platformName: XP, rotatable: false, takesHeapSnapshot: true, takesScreenshot: true, version: 45.0.2454.85, webStorageEnabled: true, webdriver.remote.sessionid: 4bf09d9b5598d8a672543a21dd1...}
Session ID: 4bf09d9b5598d8a672543a21dd12bc80d6dc0d98
*** Element info: {Using=xpath, value=//a[@data-testid='open-registration-form-button']}]]>
            </message>
            <full-stacktrace>
              <![CDATA[org.openqa.selenium.NoSuchElementException: no such element: Unable to locate element: {"method":"xpath","selector":"//a[@data-testid='open-registration-form-button']"}
  (Session info: chrome=45.0.2454.85)
  (Driver info: chromedriver=2.20.353145 (343b531d31eeb933ec778dbcf7081628a1396067),platform=Windows NT 5.2 SP2 x86) (WARNING: The server did not provide any stacktrace information)
Command duration or timeout: 0 milliseconds
For documentation on this error, please visit: https://www.seleniumhq.org/exceptions/no_such_element.html
Build info: version: '3.141.59', revision: 'e82be7d358', time: '2018-11-14T08:17:03'
System info: host: 'YOURPC', ip: '192.168.43.59', os.name: 'Windows 8.1', os.arch: 'x86', os.version: '6.3', java.version: '1.8.0_281'
Driver info: org.openqa.selenium.remote.RemoteWebDriver
Capabilities {acceptSslCerts: true, applicationCacheEnabled: false, browserConnectionEnabled: false, browserName: chrome, chrome: {userDataDir: C:\Windows\proxy\scoped_dir...}, cssSelectorsEnabled: true, databaseEnabled: false, handlesAlerts: true, hasTouchScreen: false, javascriptEnabled: true, locationContextEnabled: true, mobileEmulationEnabled: false, nativeEvents: true, platform: XP, platformName: XP, rotatable: false, takesHeapSnapshot: true, takesScreenshot: true, version: 45.0.2454.85, webStorageEnabled: true, webdriver.remote.sessionid: 4bf09d9b5598d8a672543a21dd1...}
Session ID: 4bf09d9b5598d8a672543a21dd12bc80d6dc0d98
*** Element info: {Using=xpath, value=//a[@data-testid='open-registration-form-button']}
at sun.reflect.NativeConstructorAccessorImpl.newInstance0(Native Method)
at sun.reflect.NativeConstructorAccessorImpl.newInstance(Unknown Source)
at sun.reflect.DelegatingConstructorAccessorImpl.newInstance(Unknown Source)
at java.lang.reflect.Constructor.newInstance(Unknown Source)
at org.openqa.selenium.remote.ErrorHandler.createThrowable(ErrorHandler.java:214)
at org.openqa.selenium.remote.ErrorHandler.throwIfResponseFailed(ErrorHandler.java:166)
at org.openqa.selenium.remote.http.JsonHttpResponseCodec.reconstructValue(JsonHttpResponseCodec.java:40)
at org.openqa.selenium.remote.http.AbstractHttpResponseCodec.decode(AbstractHttpResponseCodec.java:80)
at org.openqa.selenium.remote.http.AbstractHttpResponseCodec.decode(AbstractHttpResponseCodec.java:44)
at org.openqa.selenium.remote.HttpCommandExecutor.execute(HttpCommandExecutor.java:158)
at org.openqa.selenium.remote.RemoteWebDriver.execute(RemoteWebDriver.java:552)
at org.openqa.selenium.remote.RemoteWebDriver.findElement(RemoteWebDriver.java:323)
at org.openqa.selenium.remote.RemoteWebDriver.findElementByXPath(RemoteWebDriver.java:428)
at org.openqa.selenium.By$ByXPath.findElement(By.java:353)
at org.openqa.selenium.remote.RemoteWebDriver.findElement(RemoteWebDriver.java:315)
at org.openqa.selenium.support.pagefactory.DefaultElementLocator.findElement(DefaultElementLocator.java:69)
at org.openqa.selenium.support.pagefactory.internal.LocatingElementHandler.invoke(LocatingElementHandler.java:38)
at com.sun.proxy.$Proxy19.click(Unknown Source)
at org.Base.BaseClass.ButtonClick(BaseClass.java:93)
at stepdefinitions.LoginFunction.the_user_Click_the_SignUp_button(LoginFunction.java:49)
at ✽.The user Click the SignUp button(file:src/test/resources/Features/LoginScenario.feature:15)
]]>
            </full-stacktrace>
          </exception> <!-- org.openqa.selenium.NoSuchElementException -->
          <reporter-output>
          </reporter-output>
        </test-method> <!-- runScenario -->
        <test-method status="PASS" signature="tearDownClass()[pri:0, instance:runner.TestRunner@ac3a89]" name="tearDownClass" is-config="true" duration-ms="1992" started-at="2021-07-23T15:12:28Z" finished-at="2021-07-23T15:12:30Z">
          <reporter-output>
          </reporter-output>
        </test-method> <!-- tearDownClass -->
        <test-method status="PASS" signature="JVMReportscreation()[pri:0, instance:runner.TestRunner@ac3a89]" name="JVMReportscreation" is-config="true" duration-ms="6723" started-at="2021-07-23T15:12:30Z" finished-at="2021-07-23T15:12:37Z">
          <reporter-output>
          </reporter-output>
        </test-method> <!-- JVMReportscreation -->
      </class> <!-- runner.TestRunner -->
    </test> <!-- Test -->
  </suite> <!-- Suite -->
</testng-results>
